  main.cpp
C:\Users\admin\Documents\GitHub\RayTracerInAWeekend\RayTracerInAWeekend\constants.hpp(16,25): warning C4244: 'return': conversion from 'double' to 'float', possible loss of data
  (compiling source file 'main.cpp')
  
C:\Users\admin\Documents\GitHub\RayTracerInAWeekend\RayTracerInAWeekend\sphere.hpp(6,69): warning C4244: 'initializing': conversion from 'double' to 'float', possible loss of data
  (compiling source file 'main.cpp')
  
C:\Users\admin\Documents\GitHub\RayTracerInAWeekend\RayTracerInAWeekend\camera.hpp(36,40): warning C4244: 'argument': conversion from 'int' to 'float', possible loss of data
  (compiling source file 'main.cpp')
  
C:\Users\admin\Documents\GitHub\RayTracerInAWeekend\RayTracerInAWeekend\camera.hpp(36,62): warning C4244: 'argument': conversion from 'int' to 'float', possible loss of data
  (compiling source file 'main.cpp')
  
C:\Users\admin\Documents\GitHub\RayTracerInAWeekend\RayTracerInAWeekend\camera.hpp(65,10): warning C4244: 'argument': conversion from 'double' to 'float', possible loss of data
  (compiling source file 'main.cpp')
  
C:\Users\admin\Documents\GitHub\RayTracerInAWeekend\RayTracerInAWeekend\camera.hpp(65,60): warning C4305: 'argument': truncation from 'double' to 'float'
  (compiling source file 'main.cpp')
  
C:\Users\admin\Documents\GitHub\RayTracerInAWeekend\RayTracerInAWeekend\camera.hpp(65,45): warning C4244: 'argument': conversion from 'double' to 'float', possible loss of data
  (compiling source file 'main.cpp')
  
C:\Program Files\Microsoft Visual Studio\2022\Community\VC\Tools\MSVC\14.39.33519\include\xutility(255,82): warning C4244: 'argument': conversion from '_Ty' to 'float', possible loss of data
C:\Program Files\Microsoft Visual Studio\2022\Community\VC\Tools\MSVC\14.39.33519\include\xutility(255,82): warning C4244:         with
C:\Program Files\Microsoft Visual Studio\2022\Community\VC\Tools\MSVC\14.39.33519\include\xutility(255,82): warning C4244:         [
C:\Program Files\Microsoft Visual Studio\2022\Community\VC\Tools\MSVC\14.39.33519\include\xutility(255,82): warning C4244:             _Ty=double
C:\Program Files\Microsoft Visual Studio\2022\Community\VC\Tools\MSVC\14.39.33519\include\xutility(255,82): warning C4244:         ]
  (compiling source file 'main.cpp')
  C:\Program Files\Microsoft Visual Studio\2022\Community\VC\Tools\MSVC\14.39.33519\include\xutility(255,82):
  the template instantiation context (the oldest one first) is
  	C:\Users\admin\Documents\GitHub\RayTracerInAWeekend\RayTracerInAWeekend\main.cpp(9,12):
  	see reference to function template instantiation 'std::shared_ptr<sphere> std::make_shared<sphere,point3,double>(point3 &&,double &&)' being compiled
  	C:\Program Files\Microsoft Visual Studio\2022\Community\VC\Tools\MSVC\14.39.33519\include\memory(2738,46):
  	see reference to function template instantiation 'std::_Ref_count_obj2<sphere>::_Ref_count_obj2<_Ty,double>(_Ty &&,double &&)' being compiled
          with
          [
              _Ty=point3
          ]
  	C:\Program Files\Microsoft Visual Studio\2022\Community\VC\Tools\MSVC\14.39.33519\include\memory(2062,18):
  	see reference to function template instantiation 'void std::_Construct_in_place<_Ty,vec3,double>(_Ty &,vec3 &&,double &&) noexcept(false)' being compiled
          with
          [
              _Ty=sphere
          ]
  
C:\Program Files\Microsoft Visual Studio\2022\Community\VC\Tools\MSVC\14.39.33519\include\xutility(255,82): warning C4244: 'argument': conversion from '_Ty' to 'float', possible loss of data
C:\Program Files\Microsoft Visual Studio\2022\Community\VC\Tools\MSVC\14.39.33519\include\xutility(255,82): warning C4244:         with
C:\Program Files\Microsoft Visual Studio\2022\Community\VC\Tools\MSVC\14.39.33519\include\xutility(255,82): warning C4244:         [
C:\Program Files\Microsoft Visual Studio\2022\Community\VC\Tools\MSVC\14.39.33519\include\xutility(255,82): warning C4244:             _Ty=int
C:\Program Files\Microsoft Visual Studio\2022\Community\VC\Tools\MSVC\14.39.33519\include\xutility(255,82): warning C4244:         ]
  (compiling source file 'main.cpp')
  C:\Program Files\Microsoft Visual Studio\2022\Community\VC\Tools\MSVC\14.39.33519\include\xutility(255,82):
  the template instantiation context (the oldest one first) is
  	C:\Users\admin\Documents\GitHub\RayTracerInAWeekend\RayTracerInAWeekend\main.cpp(10,12):
  	see reference to function template instantiation 'std::shared_ptr<sphere> std::make_shared<sphere,point3,int>(point3 &&,int &&)' being compiled
  	C:\Program Files\Microsoft Visual Studio\2022\Community\VC\Tools\MSVC\14.39.33519\include\memory(2738,46):
  	see reference to function template instantiation 'std::_Ref_count_obj2<sphere>::_Ref_count_obj2<_Ty,int>(_Ty &&,int &&)' being compiled
          with
          [
              _Ty=point3
          ]
  	C:\Program Files\Microsoft Visual Studio\2022\Community\VC\Tools\MSVC\14.39.33519\include\memory(2062,18):
  	see reference to function template instantiation 'void std::_Construct_in_place<_Ty,vec3,int>(_Ty &,vec3 &&,int &&) noexcept(false)' being compiled
          with
          [
              _Ty=sphere
          ]
  
  RayTracerInAWeekend.vcxproj -> C:\Users\admin\Documents\GitHub\RayTracerInAWeekend\RayTracerInAWeekend\x64\Debug\RayTracerInAWeekend.exe
